<?xml version="1.0" encoding="UTF-8"?>
<!-- Generated by org.testng.reporters.JUnitXMLReporter -->
<testsuite hostname="acer-PC" name="Test2" tests="1" failures="0" timestamp="18 Sep 2016 05:54:15 GMT" time="0.227" errors="0">
  <testcase name="@BeforeMethod invokeBrowser" time="0.0" classname="testSuite.FlipkartTestcase">
    <failure type="org.testng.TestNGException" message="
Parameter &amp;apos;{browser}&amp;apos; is required by @Configuration on method invokeBrowser but has not been marked @Optional or defined
in E:\Santhi\Learnings\eclipeworkspace\JavaPractice\testngparallel.xml">
      <![CDATA[org.testng.TestNGException: 
Parameter '{browser}' is required by @Configuration on method invokeBrowser but has not been marked @Optional or defined
in E:\Santhi\Learnings\eclipeworkspace\JavaPractice\testngparallel.xml
	at java.util.concurrent.FutureTask.run(Unknown Source)
	at java.util.concurrent.ThreadPoolExecutor.runWorker(Unknown Source)
	at java.util.concurrent.ThreadPoolExecutor$Worker.run(Unknown Source)
	at java.lang.Thread.run(Unknown Source)
... Removed 15 stack frames]]>
    </failure>
  </testcase> <!-- @BeforeMethod invokeBrowser -->
  <testcase name="@AfterMethod cleanup" time="0.0" classname="testSuite.FlipkartTestcase">
    <skipped/>
  </testcase> <!-- @AfterMethod cleanup -->
  <testcase name="testMethod" time="0.022" classname="testSuite.FlipkartTestcase">
    <skipped/>
  </testcase> <!-- testMethod -->
</testsuite> <!-- Test2 -->
